<?xml version="1.0" encoding="UTF-8"?>
<!-- Generated by org.testng.reporters.JUnitReportReporter -->
<testsuite hostname="INW-381" name="com.ShopDemoQA.Tests.ShopDemoQA_Registration" tests="1" failures="0" timestamp="14 Sep 2020 13:45:28 GMT" time="40.792" errors="0">
  <testcase name="Registration" time="40.792" classname="com.ShopDemoQA.Tests.ShopDemoQA_Registration"/>
</testsuite> <!-- com.ShopDemoQA.Tests.ShopDemoQA_Registration -->
