<?xml version="1.0" encoding="UTF-8"?>
<!-- Generated by org.testng.reporters.JUnitReportReporter -->
<testsuite hostname="INW-381" name="com.ShopDemoQA.NewTest" tests="2" failures="0" timestamp="11 Aug 2020 09:45:11 GMT" time="0.007" errors="0">
  <testcase name="f" time="0.001" classname="com.ShopDemoQA.NewTest"/>
  <testcase name="f" time="0.006" classname="com.ShopDemoQA.NewTest"/>
</testsuite> <!-- com.ShopDemoQA.NewTest -->
