<?xml version="1.0" encoding="UTF-8"?>
<!-- Generated by org.testng.reporters.JUnitReportReporter -->
<testsuite hostname="INW-381" name="testing.ShopDemoQA.AppTest" tests="1" failures="0" timestamp="11 Aug 2020 09:45:11 GMT" time="0.024" errors="0">
  <testcase name="testApp" time="0.024" classname="testing.ShopDemoQA.AppTest"/>
</testsuite> <!-- testing.ShopDemoQA.AppTest -->
