<?xml version="1.0" encoding="UTF-8"?>
<!-- Generated by org.testng.reporters.JUnitReportReporter -->
<testsuite hostname="INW-381" name="com.ShopDemoQA.Tests.ShopDemoQA_Registration" tests="1" failures="0" timestamp="25 Aug 2020 07:59:03 GMT" time="18.035" errors="0">
  <testcase name="Registration" time="18.035" classname="com.ShopDemoQA.Tests.ShopDemoQA_Registration"/>
</testsuite> <!-- com.ShopDemoQA.Tests.ShopDemoQA_Registration -->
