<?xml version="1.0" encoding="UTF-8"?>
<!-- Generated by org.testng.reporters.JUnitReportReporter -->
<testsuite hostname="INW-381" name="com.ShopDemoQA.Tests.NewTest" tests="2" failures="0" timestamp="11 Aug 2020 09:45:11 GMT" time="0.010" errors="0">
  <testcase name="f" time="0.008" classname="com.ShopDemoQA.Tests.NewTest"/>
  <testcase name="f" time="0.002" classname="com.ShopDemoQA.Tests.NewTest"/>
</testsuite> <!-- com.ShopDemoQA.Tests.NewTest -->
