<?xml version="1.0" encoding="UTF-8"?>
<!-- Generated by org.testng.reporters.JUnitReportReporter -->
<testsuite hostname="INW-381" name="com.ShopDemoQA.Tests.ShopDemoQA_SignIn" tests="1" failures="0" timestamp="25 Aug 2020 07:47:07 GMT" time="48.671" errors="0">
  <testcase name="signin" time="48.671" classname="com.ShopDemoQA.Tests.ShopDemoQA_SignIn"/>
</testsuite> <!-- com.ShopDemoQA.Tests.ShopDemoQA_SignIn -->
